<?xml version="1.0" encoding="UTF-8"?>
<!-- Generated by org.testng.reporters.JUnitReportReporter -->
<testsuite hostname="DESKTOP-T6SC6MV" failures="0" tests="1" name="distributedparallelexecution.SixthTest" time="0.006" errors="0" timestamp="2023-01-24T00:00:32 IST" skipped="0">
  <testcase classname="distributedparallelexecution.SixthTest" name="demo" time="0.006"/>
  <system-out>
    <![CDATA[SixthTest]]>
  </system-out>
</testsuite> <!-- distributedparallelexecution.SixthTest -->
