<?xml version="1.0" encoding="UTF-8"?>
<!-- Generated by org.testng.reporters.JUnitReportReporter -->
<testsuite hostname="DESKTOP-T6SC6MV" failures="0" tests="1" name="distributedparallelexecution.FifthTest" time="0.023" errors="0" timestamp="2023-01-24T00:00:32 IST" skipped="0">
  <testcase classname="distributedparallelexecution.FifthTest" name="demo" time="0.023"/>
  <system-out>
    <![CDATA[FifthTest]]>
  </system-out>
</testsuite> <!-- distributedparallelexecution.FifthTest -->
