<?xml version="1.0" encoding="UTF-8"?>
<!-- Generated by org.testng.reporters.JUnitReportReporter -->
<testsuite hostname="DESKTOP-T6SC6MV" failures="0" tests="3" name="testNG.EnableFalsePractice" time="0.026" errors="0" timestamp="2023-01-20T10:56:57 IST" skipped="1">
  <testcase classname="testNG.EnableFalsePractice" name="test1" time="0.008"/>
  <system-out/>
  <testcase classname="testNG.EnableFalsePractice" name="test0" time="0.018"/>
  <system-out/>
  <testcase classname="testNG.EnableFalsePractice" name="test2">
    <skipped/>
  </testcase> <!-- test2 -->
  <system-out/>
</testsuite> <!-- testNG.EnableFalsePractice -->
