<?xml version="1.0" encoding="UTF-8"?>
<!-- Generated by org.testng.reporters.JUnitReportReporter -->
<testsuite hostname="DESKTOP-T6SC6MV" failures="0" tests="1" name="distributedparallelexecution.SecondTest" time="0.007" errors="0" timestamp="2023-01-24T00:00:32 IST" skipped="0">
  <testcase classname="distributedparallelexecution.SecondTest" name="demo" time="0.007"/>
  <system-out>
    <![CDATA[SecondTest]]>
  </system-out>
</testsuite> <!-- distributedparallelexecution.SecondTest -->
