<?xml version="1.0" encoding="UTF-8"?>
<!-- Generated by org.testng.reporters.JUnitReportReporter -->
<testsuite hostname="DESKTOP-T6SC6MV" failures="0" tests="2" name="groupExecution.FirstTest" time="0.020" errors="0" timestamp="2023-01-21T11:56:30 IST" skipped="0">
  <testcase classname="groupExecution.FirstTest" name="test1" time="0.004"/>
  <system-out/>
  <testcase classname="groupExecution.FirstTest" name="test0" time="0.016"/>
  <system-out/>
</testsuite> <!-- groupExecution.FirstTest -->
