<?xml version="1.0" encoding="UTF-8"?>
<!-- Generated by org.testng.reporters.JUnitReportReporter -->
<testsuite hostname="DESKTOP-T6SC6MV" failures="0" tests="3" name="crossbrowserparallel.ActitimeLoginTest" time="59.970" errors="0" timestamp="2023-01-24T10:28:18 IST" skipped="0">
  <testcase classname="crossbrowserparallel.ActitimeLoginTest" name="loginTest" time="21.086"/>
  <system-out/>
  <testcase classname="crossbrowserparallel.ActitimeLoginTest" name="loginTest" time="15.352"/>
  <system-out/>
  <testcase classname="crossbrowserparallel.ActitimeLoginTest" name="loginTest" time="23.532"/>
  <system-out/>
</testsuite> <!-- crossbrowserparallel.ActitimeLoginTest -->
