<?xml version="1.0" encoding="UTF-8"?>
<!-- Generated by org.testng.reporters.JUnitReportReporter -->
<testsuite hostname="DESKTOP-T6SC6MV" failures="0" tests="1" name="testNG.SampleTest" time="0.014" errors="0" timestamp="2023-01-21T10:17:25 IST" skipped="0">
  <testcase classname="testNG.SampleTest" name="demo" time="0.014"/>
  <system-out>
    <![CDATA[Hello World]]>
  </system-out>
</testsuite> <!-- testNG.SampleTest -->
