<?xml version="1.0" encoding="UTF-8"?>
<!-- Generated by org.testng.reporters.JUnitReportReporter -->
<testsuite hostname="DESKTOP-T6SC6MV" failures="0" tests="5" name="testNG.PriorityPractice" time="0.105" errors="0" timestamp="2023-01-20T10:25:20 IST" skipped="0">
  <testcase classname="testNG.PriorityPractice" name="demo2" time="0.020"/>
  <system-out/>
  <testcase classname="testNG.PriorityPractice" name="demo3" time="0.009"/>
  <system-out/>
  <testcase classname="testNG.PriorityPractice" name="demo5" time="0.007"/>
  <system-out/>
  <testcase classname="testNG.PriorityPractice" name="demo4" time="0.059"/>
  <system-out/>
  <testcase classname="testNG.PriorityPractice" name="demo1" time="0.010"/>
  <system-out/>
</testsuite> <!-- testNG.PriorityPractice -->
