<?xml version="1.0" encoding="UTF-8"?>
<!-- Generated by org.testng.reporters.JUnitReportReporter -->
<testsuite hostname="DESKTOP-T6SC6MV" failures="0" tests="1" name="batchExecution.FourthTest" time="0.012" errors="0" timestamp="2023-01-21T11:25:38 IST" skipped="0">
  <testcase classname="batchExecution.FourthTest" name="demo" time="0.012"/>
  <system-out>
    <![CDATA[FourthTest]]>
  </system-out>
</testsuite> <!-- batchExecution.FourthTest -->
