<?xml version="1.0" encoding="UTF-8"?>
<!-- Generated by org.testng.reporters.JUnitReportReporter -->
<testsuite hostname="DESKTOP-T6SC6MV" failures="0" tests="1" name="batchExecution.SecondTest" time="0.015" errors="0" timestamp="2023-01-21T11:31:05 IST" skipped="0">
  <testcase classname="batchExecution.SecondTest" name="demo" time="0.015"/>
  <system-out>
    <![CDATA[SecondTest]]>
  </system-out>
</testsuite> <!-- batchExecution.SecondTest -->
