<?xml version="1.0" encoding="UTF-8"?>
<!-- Generated by org.testng.reporters.JUnitReportReporter -->
<testsuite hostname="DESKTOP-T6SC6MV" failures="0" tests="1" name="batchExecution.FirstTest" time="0.005" errors="0" timestamp="2023-01-21T11:25:38 IST" skipped="0">
  <testcase classname="batchExecution.FirstTest" name="demo" time="0.005"/>
  <system-out>
    <![CDATA[FirstTest]]>
  </system-out>
</testsuite> <!-- batchExecution.FirstTest -->
