<?xml version="1.0" encoding="UTF-8"?>
<!-- Generated by org.testng.reporters.JUnitReportReporter -->
<testsuite hostname="DESKTOP-T6SC6MV" failures="0" tests="1" name="batchExecution.FifthTest" time="0.016" errors="0" timestamp="2023-01-21T11:25:38 IST" skipped="0">
  <testcase classname="batchExecution.FifthTest" name="demo" time="0.016"/>
  <system-out>
    <![CDATA[FifthTest]]>
  </system-out>
</testsuite> <!-- batchExecution.FifthTest -->
