<?xml version="1.0" encoding="UTF-8"?>
<!-- Generated by org.testng.reporters.JUnitReportReporter -->
<testsuite hostname="DESKTOP-T6SC6MV" failures="0" tests="1" name="distributedparallelexecution.FourthTest" time="0.024" errors="0" timestamp="2023-01-24T00:00:32 IST" skipped="0">
  <testcase classname="distributedparallelexecution.FourthTest" name="demo" time="0.024"/>
  <system-out>
    <![CDATA[FourthTest]]>
  </system-out>
</testsuite> <!-- distributedparallelexecution.FourthTest -->
