<?xml version="1.0" encoding="UTF-8"?>
<!-- Generated by org.testng.reporters.JUnitReportReporter -->
<testsuite hostname="DESKTOP-T6SC6MV" failures="0" tests="3" name="crossbrowserparallel.GoogleTest" time="26.652" errors="0" timestamp="2023-01-24T10:28:18 IST" skipped="0">
  <testcase classname="crossbrowserparallel.GoogleTest" name="googleSearch" time="9.635"/>
  <system-out/>
  <testcase classname="crossbrowserparallel.GoogleTest" name="googleSearch" time="5.851"/>
  <system-out/>
  <testcase classname="crossbrowserparallel.GoogleTest" name="googleSearch" time="11.166"/>
  <system-out/>
</testsuite> <!-- crossbrowserparallel.GoogleTest -->
