<?xml version="1.0" encoding="UTF-8"?>
<!-- Generated by org.testng.reporters.JUnitReportReporter -->
<testsuite hostname="DESKTOP-T6SC6MV" failures="0" tests="3" name="crossbrowserparallel.FaceBookLoginTest" time="58.972" errors="0" timestamp="2023-01-24T10:28:18 IST" skipped="0">
  <testcase classname="crossbrowserparallel.FaceBookLoginTest" name="loginpage" time="19.576"/>
  <system-out/>
  <testcase classname="crossbrowserparallel.FaceBookLoginTest" name="loginpage" time="19.695"/>
  <system-out/>
  <testcase classname="crossbrowserparallel.FaceBookLoginTest" name="loginpage" time="19.701"/>
  <system-out/>
</testsuite> <!-- crossbrowserparallel.FaceBookLoginTest -->
