<?xml version="1.0" encoding="UTF-8"?>
<!-- Generated by org.testng.reporters.JUnitReportReporter -->
<testsuite hostname="DESKTOP-T6SC6MV" failures="0" tests="6" name="testNG.InvocationCountPractice" time="0.046" errors="0" timestamp="2023-01-20T10:43:31 IST" skipped="0">
  <testcase classname="testNG.InvocationCountPractice" name="demo4" time="0.004"/>
  <system-out/>
  <testcase classname="testNG.InvocationCountPractice" name="demo4" time="0.002"/>
  <system-out/>
  <testcase classname="testNG.InvocationCountPractice" name="demo1" time="0.017"/>
  <system-out/>
  <testcase classname="testNG.InvocationCountPractice" name="demo1" time="0.006"/>
  <system-out/>
  <testcase classname="testNG.InvocationCountPractice" name="demo4" time="0.012"/>
  <system-out/>
  <testcase classname="testNG.InvocationCountPractice" name="demo5" time="0.005"/>
  <system-out/>
</testsuite> <!-- testNG.InvocationCountPractice -->
