<?xml version="1.0" encoding="UTF-8"?>
<!-- Generated by org.testng.reporters.JUnitReportReporter -->
<testsuite hostname="DESKTOP-T6SC6MV" failures="0" tests="1" name="testNG.AnnotationsPractice" time="0.016" errors="0" timestamp="2023-01-20T11:52:06 IST" skipped="0">
  <testcase classname="testNG.AnnotationsPractice" name="test" time="0.016"/>
  <system-out/>
</testsuite> <!-- testNG.AnnotationsPractice -->
